# JRE version: OpenJDK Runtime Environment Temurin-17.0.2+8 (17.0.2+8) (build 17.0.2+8)
# Java VM: OpenJDK 64-Bit Server VM Temurin-17.0.2+8 (17.0.2+8, mixed mode, emulated-client, tiered, compressed oops, compressed class ptrs, g1 gc, windows-amd64)
GC Precious Log:
 CPUs: 8 total, 8 available
 Memory: 8050M
 Large Page Support: Disabled
 NUMA Support: Disabled
 Compressed Oops: Enabled (32-bit)
 Heap Region Size: 1M
 Heap Min Capacity: 8M
 Heap Initial Capacity: 126M
 Heap Max Capacity: 2014M
 Pre-touch: Disabled
 Parallel Workers: 8
 Concurrent Workers: 2
 Concurrent Refinement Workers: 8
 Periodic GC: Disabled
Heap:
 garbage-first heap   total 68608K, used 21405K [0x0000000082200000, 0x0000000100000000)
  region size 1024K, 2 young (2048K), 0 survivors (0K)
 Metaspace       used 38488K, committed 38848K, reserved 1089536K
  class space    used 4869K, committed 5056K, reserved 1048576K
GC Heap History (20 events):
Event: 14339.143 GC heap before
{Heap before GC invocations=1284 (full 1269):
 garbage-first heap   total 68608K, used 21405K [0x0000000082200000, 0x0000000100000000)
  region size 1024K, 2 young (2048K), 0 survivors (0K)
 Metaspace       used 38488K, committed 38848K, reserved 1089536K
  class space    used 4869K, committed 5056K, reserved 1048576K
}
Event: 14339.190 GC heap after
{Heap after GC invocations=1285 (full 1270):
 garbage-first heap   total 68608K, used 20381K [0x0000000082200000, 0x0000000100000000)
  region size 1024K, 0 young (0K), 0 survivors (0K)
 Metaspace       used 38488K, committed 38848K, reserved 1089536K
  class space    used 4869K, committed 5056K, reserved 1048576K
}
Event: 14349.351 GC heap before
{Heap before GC invocations=1285 (full 1270):
 garbage-first heap   total 68608K, used 21405K [0x0000000082200000, 0x0000000100000000)
  region size 1024K, 2 young (2048K), 0 survivors (0K)
 Metaspace       used 38488K, committed 38848K, reserved 1089536K
  class space    used 4869K, committed 5056K, reserved 1048576K
}
Event: 14349.394 GC heap after
{Heap after GC invocations=1286 (full 1271):
 garbage-first heap   total 68608K, used 20381K [0x0000000082200000, 0x0000000100000000)
  region size 1024K, 0 young (0K), 0 survivors (0K)
 Metaspace       used 38488K, committed 38848K, reserved 1089536K
  class space    used 4869K, committed 5056K, reserved 1048576K
}
Event: 14359.571 GC heap before
{Heap before GC invocations=1286 (full 1271):
 garbage-first heap   total 68608K, used 21405K [0x0000000082200000, 0x0000000100000000)
  region size 1024K, 2 young (2048K), 0 survivors (0K)
 Metaspace       used 38488K, committed 38848K, reserved 1089536K
  class space    used 4869K, committed 5056K, reserved 1048576K
}
Event: 14359.615 GC heap after
{Heap after GC invocations=1287 (full 1272):
 garbage-first heap   total 68608K, used 20381K [0x0000000082200000, 0x0000000100000000)
  region size 1024K, 0 young (0K), 0 survivors (0K)
 Metaspace       used 38488K, committed 38848K, reserved 1089536K
  class space    used 4869K, committed 5056K, reserved 1048576K
}
Event: 14369.870 GC heap before
{Heap before GC invocations=1287 (full 1272):
 garbage-first heap   total 68608K, used 21405K [0x0000000082200000, 0x0000000100000000)
  region size 1024K, 2 young (2048K), 0 survivors (0K)
 Metaspace       used 38488K, committed 38848K, reserved 1089536K
  class space    used 4869K, committed 5056K, reserved 1048576K
}
Event: 14369.923 GC heap after
{Heap after GC invocations=1288 (full 1273):
 garbage-first heap   total 68608K, used 20381K [0x0000000082200000, 0x0000000100000000)
  region size 1024K, 0 young (0K), 0 survivors (0K)
 Metaspace       used 38488K, committed 38848K, reserved 1089536K
  class space    used 4869K, committed 5056K, reserved 1048576K
}
Event: 14380.141 GC heap before
{Heap before GC invocations=1288 (full 1273):
 garbage-first heap   total 68608K, used 21405K [0x0000000082200000, 0x0000000100000000)
  region size 1024K, 2 young (2048K), 0 survivors (0K)
 Metaspace       used 38488K, committed 38848K, reserved 1089536K
  class space    used 4869K, committed 5056K, reserved 1048576K
}
Event: 14380.190 GC heap after
{Heap after GC invocations=1289 (full 1274):
 garbage-first heap   total 68608K, used 20381K [0x0000000082200000, 0x0000000100000000)
  region size 1024K, 0 young (0K), 0 survivors (0K)
 Metaspace       used 38488K, committed 38848K, reserved 1089536K
  class space    used 4869K, committed 5056K, reserved 1048576K
}
Event: 14390.564 GC heap before
{Heap before GC invocations=1289 (full 1274):
 garbage-first heap   total 68608K, used 21405K [0x0000000082200000, 0x0000000100000000)
  region size 1024K, 2 young (2048K), 0 survivors (0K)
 Metaspace       used 38488K, committed 38848K, reserved 1089536K
  class space    used 4869K, committed 5056K, reserved 1048576K
}
Event: 14390.623 GC heap after
{Heap after GC invocations=1290 (full 1275):
 garbage-first heap   total 68608K, used 20381K [0x0000000082200000, 0x0000000100000000)
  region size 1024K, 0 young (0K), 0 survivors (0K)
 Metaspace       used 38488K, committed 38848K, reserved 1089536K
  class space    used 4869K, committed 5056K, reserved 1048576K
}
Event: 14400.799 GC heap before
{Heap before GC invocations=1290 (full 1275):
 garbage-first heap   total 68608K, used 21405K [0x0000000082200000, 0x0000000100000000)
  region size 1024K, 2 young (2048K), 0 survivors (0K)
 Metaspace       used 38488K, committed 38848K, reserved 1089536K
  class space    used 4869K, committed 5056K, reserved 1048576K
}
Event: 14400.847 GC heap after
{Heap after GC invocations=1291 (full 1276):
 garbage-first heap   total 68608K, used 20381K [0x0000000082200000, 0x0000000100000000)
  region size 1024K, 0 young (0K), 0 survivors (0K)
 Metaspace       used 38488K, committed 38848K, reserved 1089536K
  class space    used 4869K, committed 5056K, reserved 1048576K
}
Event: 14411.035 GC heap before
{Heap before GC invocations=1291 (full 1276):
 garbage-first heap   total 68608K, used 21405K [0x0000000082200000, 0x0000000100000000)
  region size 1024K, 2 young (2048K), 0 survivors (0K)
 Metaspace       used 38488K, committed 38848K, reserved 1089536K
  class space    used 4869K, committed 5056K, reserved 1048576K
}
Event: 14411.077 GC heap after
{Heap after GC invocations=1292 (full 1277):
 garbage-first heap   total 68608K, used 20381K [0x0000000082200000, 0x0000000100000000)
  region size 1024K, 0 young (0K), 0 survivors (0K)
 Metaspace       used 38488K, committed 38848K, reserved 1089536K
  class space    used 4869K, committed 5056K, reserved 1048576K
}
Event: 14421.285 GC heap before
{Heap before GC invocations=1292 (full 1277):
 garbage-first heap   total 68608K, used 21405K [0x0000000082200000, 0x0000000100000000)
  region size 1024K, 2 young (2048K), 0 survivors (0K)
 Metaspace       used 38488K, committed 38848K, reserved 1089536K
  class space    used 4869K, committed 5056K, reserved 1048576K
}
Event: 14421.328 GC heap after
{Heap after GC invocations=1293 (full 1278):
 garbage-first heap   total 68608K, used 20381K [0x0000000082200000, 0x0000000100000000)
  region size 1024K, 0 young (0K), 0 survivors (0K)
 Metaspace       used 38488K, committed 38848K, reserved 1089536K
  class space    used 4869K, committed 5056K, reserved 1048576K
}
Event: 14431.752 GC heap before
{Heap before GC invocations=1293 (full 1278):
 garbage-first heap   total 68608K, used 21405K [0x0000000082200000, 0x0000000100000000)
  region size 1024K, 2 young (2048K), 0 survivors (0K)
 Metaspace       used 38488K, committed 38848K, reserved 1089536K
  class space    used 4869K, committed 5056K, reserved 1048576K
}
Event: 14431.803 GC heap after
{Heap after GC invocations=1294 (full 1279):
 garbage-first heap   total 68608K, used 20381K [0x0000000082200000, 0x0000000100000000)
  region size 1024K, 0 young (0K), 0 survivors (0K)
 Metaspace       used 38488K, committed 38848K, reserved 1089536K
  class space    used 4869K, committed 5056K, reserved 1048576K
}

